<?xml version="1.0" encoding="UTF-8"?>
<!-- Generated by org.testng.reporters.JUnitXMLReporter -->
<testsuite ignored="0" hostname="DESKTOP-83JQO3M" failures="2" tests="2" name="Test" time="12.17" errors="0" timestamp="2024-10-07T23:21:02 BDT">
  <testcase classname="com.convay.testcases.FailedLoginToTestExtentReport" name="LoginFailed" time="0.149">
    <failure type="java.lang.AssertionError" message="expected [true] but found [false]">
      <![CDATA[java.lang.AssertionError: expected [true] but found [false]
at com.convay.testcases.FailedLoginToTestExtentReport.LoginFailed(FailedLoginToTestExtentReport.java:30)
at java.base/java.util.ArrayList.forEach(ArrayList.java:1511)
... Removed 29 stack frames]]>
    </failure>
  </testcase> <!-- LoginFailed -->
  <testcase classname="com.convay.testcases.FailedLoginToTestExtentReport" name="LoginFailed" time="0.076">
    <failure type="java.lang.AssertionError" message="expected [true] but found [false]">
      <![CDATA[java.lang.AssertionError: expected [true] but found [false]
at com.convay.testcases.FailedLoginToTestExtentReport.LoginFailed(FailedLoginToTestExtentReport.java:30)
at java.base/java.util.ArrayList.forEach(ArrayList.java:1511)
... Removed 29 stack frames]]>
    </failure>
  </testcase> <!-- LoginFailed -->
</testsuite> <!-- Test -->
